
2월 03, 2022 15:27:56.164 NEW SESSION
2월 03, 2022 15:27:56.164 기존 브라우저 세션에서 열기

3월 04, 2022 09:26:45.922 NEW SESSION
3월 04, 2022 09:26:45.922 [20120:12624:0304/092645.831:ERROR:assistance_home_client.cc(23)] File path C:\Users\ghktl\AppData\Local\Microsoft\Edge\User Data\Default
3월 04, 2022 09:26:58.157 [20120:2156:0304/092658.143:ERROR:chrome_browser_main_extra_parts_metrics.cc(251)] START: GetDefaultBrowser(). If you don't see the END: message, this is crbug.com/1216328.
3월 04, 2022 09:26:58.161 [20120:2156:0304/092658.147:ERROR:chrome_browser_main_extra_parts_metrics.cc(255)] END: GetDefaultBrowser()
3월 04, 2022 09:27:36.556 [20120:12624:0304/092736.553:ERROR:fallback_task_provider.cc(123)] Every renderer should have at least one task provided by a primary task provider. If a "Renderer" fallback task is shown, it is a bug. If you have repro steps, please file a new bug and tag it as a dependency of crbug.com/739782.
3월 04, 2022 10:08:07.923 [20120:12624:0304/100807.921:ERROR:wtm_interface_impl.cc(734)] SetTabTreatAsAppId(contents) failed, hr=0x80004005
3월 04, 2022 10:17:58.527 [20120:12624:0304/101758.526:ERROR:wtm_interface_impl.cc(734)] SetTabTreatAsAppId(contents) failed, hr=0x80004005
3월 04, 2022 12:48:33.213 [20120:12624:0304/124833.203:ERROR:fallback_task_provider.cc(123)] Every renderer should have at least one task provided by a primary task provider. If a "Renderer" fallback task is shown, it is a bug. If you have repro steps, please file a new bug and tag it as a dependency of crbug.com/739782.
3월 04, 2022 12:50:01.547 [20120:12624:0304/125001.546:ERROR:fallback_task_provider.cc(123)] Every renderer should have at least one task provided by a primary task provider. If a "Renderer" fallback task is shown, it is a bug. If you have repro steps, please file a new bug and tag it as a dependency of crbug.com/739782.
3월 04, 2022 12:58:38.825 [20120:12624:0304/125838.823:ERROR:wtm_interface_impl.cc(734)] SetTabTreatAsAppId(contents) failed, hr=0x80004005
3월 04, 2022 13:00:28.828 [20120:12624:0304/130028.827:ERROR:wtm_interface_impl.cc(734)] SetTabTreatAsAppId(contents) failed, hr=0x80004005
3월 04, 2022 14:07:20.593 [20120:12624:0304/140720.589:ERROR:wtm_interface_impl.cc(734)] SetTabTreatAsAppId(contents) failed, hr=0x80004005
3월 04, 2022 14:28:41.108 [20120:12624:0304/142841.101:ERROR:fallback_task_provider.cc(123)] Every renderer should have at least one task provided by a primary task provider. If a "Renderer" fallback task is shown, it is a bug. If you have repro steps, please file a new bug and tag it as a dependency of crbug.com/739782.
3월 04, 2022 14:28:44.345 [20120:12624:0304/142844.342:ERROR:fallback_task_provider.cc(123)] Every renderer should have at least one task provided by a primary task provider. If a "Renderer" fallback task is shown, it is a bug. If you have repro steps, please file a new bug and tag it as a dependency of crbug.com/739782.
3월 04, 2022 14:28:48.691 [20120:12624:0304/142848.690:ERROR:fallback_task_provider.cc(123)] Every renderer should have at least one task provided by a primary task provider. If a "Renderer" fallback task is shown, it is a bug. If you have repro steps, please file a new bug and tag it as a dependency of crbug.com/739782.
3월 04, 2022 14:28:56.98 [20120:12624:0304/142856.095:ERROR:fallback_task_provider.cc(123)] Every renderer should have at least one task provided by a primary task provider. If a "Renderer" fallback task is shown, it is a bug. If you have repro steps, please file a new bug and tag it as a dependency of crbug.com/739782.
3월 04, 2022 14:29:02.703 [20120:12624:0304/142902.701:ERROR:fallback_task_provider.cc(123)] Every renderer should have at least one task provided by a primary task provider. If a "Renderer" fallback task is shown, it is a bug. If you have repro steps, please file a new bug and tag it as a dependency of crbug.com/739782.

3월 07, 2022 09:32:04.475 NEW SESSION
3월 07, 2022 09:32:04.476 [17836:11404:0307/093204.468:ERROR:assistance_home_client.cc(23)] File path C:\Users\ghktl\AppData\Local\Microsoft\Edge\User Data\Default
3월 07, 2022 09:32:10.876 [17836:11404:0307/093210.875:ERROR:device_event_log_impl.cc(214)] [09:32:10.875] USB: usb_device_handle_win.cc:1049 Failed to read descriptor from node connection: 시스템에 부착된 장치가 작동하지 않습니다. (0x1F)
3월 07, 2022 09:32:10.878 [17836:11404:0307/093210.875:ERROR:device_event_log_impl.cc(214)] [09:32:10.875] USB: usb_device_handle_win.cc:1049 Failed to read descriptor from node connection: 시스템에 부착된 장치가 작동하지 않습니다. (0x1F)
3월 07, 2022 10:01:00.884 [17836:11404:0307/100100.882:ERROR:fallback_task_provider.cc(124)] Every renderer should have at least one task provided by a primary task provider. If a "Renderer" fallback task is shown, it is a bug. If you have repro steps, please file a new bug and tag it as a dependency of crbug.com/739782.
3월 07, 2022 10:01:15.614 [17836:11404:0307/100115.613:ERROR:fallback_task_provider.cc(124)] Every renderer should have at least one task provided by a primary task provider. If a "Renderer" fallback task is shown, it is a bug. If you have repro steps, please file a new bug and tag it as a dependency of crbug.com/739782.
3월 07, 2022 10:08:16.918 [17836:11404:0307/100816.916:ERROR:fallback_task_provider.cc(124)] Every renderer should have at least one task provided by a primary task provider. If a "Renderer" fallback task is shown, it is a bug. If you have repro steps, please file a new bug and tag it as a dependency of crbug.com/739782.
3월 07, 2022 10:08:44.754 [17836:11404:0307/100844.752:ERROR:fallback_task_provider.cc(124)] Every renderer should have at least one task provided by a primary task provider. If a "Renderer" fallback task is shown, it is a bug. If you have repro steps, please file a new bug and tag it as a dependency of crbug.com/739782.
3월 07, 2022 10:09:18.295 [17836:11404:0307/100918.294:ERROR:fallback_task_provider.cc(124)] Every renderer should have at least one task provided by a primary task provider. If a "Renderer" fallback task is shown, it is a bug. If you have repro steps, please file a new bug and tag it as a dependency of crbug.com/739782.
3월 07, 2022 10:09:23.67 [17836:11404:0307/100923.065:ERROR:fallback_task_provider.cc(124)] Every renderer should have at least one task provided by a primary task provider. If a "Renderer" fallback task is shown, it is a bug. If you have repro steps, please file a new bug and tag it as a dependency of crbug.com/739782.
3월 07, 2022 10:10:41.810 [17836:11404:0307/101041.809:ERROR:fallback_task_provider.cc(124)] Every renderer should have at least one task provided by a primary task provider. If a "Renderer" fallback task is shown, it is a bug. If you have repro steps, please file a new bug and tag it as a dependency of crbug.com/739782.
3월 07, 2022 10:10:46.905 [17836:11404:0307/101046.904:ERROR:fallback_task_provider.cc(124)] Every renderer should have at least one task provided by a primary task provider. If a "Renderer" fallback task is shown, it is a bug. If you have repro steps, please file a new bug and tag it as a dependency of crbug.com/739782.
3월 07, 2022 10:13:51.128 [17836:11404:0307/101351.127:ERROR:fallback_task_provider.cc(124)] Every renderer should have at least one task provided by a primary task provider. If a "Renderer" fallback task is shown, it is a bug. If you have repro steps, please file a new bug and tag it as a dependency of crbug.com/739782.
3월 07, 2022 10:13:52.297 [17836:11404:0307/101352.293:ERROR:smartscreen_dns_resolver.cc(103)] SmartScreenDnsResolver::OnComplete Error: -7 DidTimeOut: 1 URL: https://coupa.ng/bS7JDB
3월 07, 2022 10:13:54.727 [17836:11404:0307/101354.726:ERROR:fallback_task_provider.cc(124)] Every renderer should have at least one task provided by a primary task provider. If a "Renderer" fallback task is shown, it is a bug. If you have repro steps, please file a new bug and tag it as a dependency of crbug.com/739782.
3월 07, 2022 10:13:56.760 [17836:11404:0307/101356.759:ERROR:fallback_task_provider.cc(124)] Every renderer should have at least one task provided by a primary task provider. If a "Renderer" fallback task is shown, it is a bug. If you have repro steps, please file a new bug and tag it as a dependency of crbug.com/739782.
3월 07, 2022 10:13:56.837 [17836:11404:0307/101356.836:ERROR:fallback_task_provider.cc(124)] Every renderer should have at least one task provided by a primary task provider. If a "Renderer" fallback task is shown, it is a bug. If you have repro steps, please file a new bug and tag it as a dependency of crbug.com/739782.
3월 07, 2022 10:13:57.683 [17836:11404:0307/101357.679:ERROR:fallback_task_provider.cc(124)] Every renderer should have at least one task provided by a primary task provider. If a "Renderer" fallback task is shown, it is a bug. If you have repro steps, please file a new bug and tag it as a dependency of crbug.com/739782.
3월 07, 2022 10:14:01.70 [17836:11404:0307/101401.069:ERROR:fallback_task_provider.cc(124)] Every renderer should have at least one task provided by a primary task provider. If a "Renderer" fallback task is shown, it is a bug. If you have repro steps, please file a new bug and tag it as a dependency of crbug.com/739782.
3월 07, 2022 10:14:05.189 [17836:11404:0307/101405.188:ERROR:fallback_task_provider.cc(124)] Every renderer should have at least one task provided by a primary task provider. If a "Renderer" fallback task is shown, it is a bug. If you have repro steps, please file a new bug and tag it as a dependency of crbug.com/739782.
3월 07, 2022 10:14:06.171 [17836:11404:0307/101406.167:ERROR:fallback_task_provider.cc(124)] Every renderer should have at least one task provided by a primary task provider. If a "Renderer" fallback task is shown, it is a bug. If you have repro steps, please file a new bug and tag it as a dependency of crbug.com/739782.
3월 07, 2022 10:14:28.877 [17836:11404:0307/101428.876:ERROR:fallback_task_provider.cc(124)] Every renderer should have at least one task provided by a primary task provider. If a "Renderer" fallback task is shown, it is a bug. If you have repro steps, please file a new bug and tag it as a dependency of crbug.com/739782.
3월 07, 2022 10:14:35.728 [17836:11404:0307/101435.727:ERROR:fallback_task_provider.cc(124)] Every renderer should have at least one task provided by a primary task provider. If a "Renderer" fallback task is shown, it is a bug. If you have repro steps, please file a new bug and tag it as a dependency of crbug.com/739782.
3월 07, 2022 10:14:56.499 [17836:11404:0307/101456.499:ERROR:fallback_task_provider.cc(124)] Every renderer should have at least one task provided by a primary task provider. If a "Renderer" fallback task is shown, it is a bug. If you have repro steps, please file a new bug and tag it as a dependency of crbug.com/739782.
3월 07, 2022 10:14:57.705 [17836:11404:0307/101457.704:ERROR:smartscreen_dns_resolver.cc(103)] SmartScreenDnsResolver::OnComplete Error: -7 DidTimeOut: 1 URL: https://cdpn.io/jh91/fullembedgrid/MWJgjRL?animations=run&type=embed
3월 07, 2022 10:16:54.275 [17836:11404:0307/101654.274:ERROR:wtm_interface_impl.cc(734)] SetTabTreatAsAppId(contents) failed, hr=0x80004005
3월 07, 2022 11:10:05.804 [17836:11404:0307/111005.801:ERROR:wtm_interface_impl.cc(734)] SetTabTreatAsAppId(contents) failed, hr=0x80004005
3월 07, 2022 11:15:21.31 [17836:11404:0307/111521.030:ERROR:fallback_task_provider.cc(124)] Every renderer should have at least one task provided by a primary task provider. If a "Renderer" fallback task is shown, it is a bug. If you have repro steps, please file a new bug and tag it as a dependency of crbug.com/739782.
3월 07, 2022 11:15:23.221 [17836:11404:0307/111523.219:ERROR:fallback_task_provider.cc(124)] Every renderer should have at least one task provided by a primary task provider. If a "Renderer" fallback task is shown, it is a bug. If you have repro steps, please file a new bug and tag it as a dependency of crbug.com/739782.
3월 07, 2022 11:15:23.245 [17836:11404:0307/111523.244:ERROR:fallback_task_provider.cc(124)] Every renderer should have at least one task provided by a primary task provider. If a "Renderer" fallback task is shown, it is a bug. If you have repro steps, please file a new bug and tag it as a dependency of crbug.com/739782.
3월 07, 2022 11:17:46.790 [17836:11404:0307/111746.784:ERROR:fallback_task_provider.cc(124)] Every renderer should have at least one task provided by a primary task provider. If a "Renderer" fallback task is shown, it is a bug. If you have repro steps, please file a new bug and tag it as a dependency of crbug.com/739782.
3월 07, 2022 11:18:09.841 [17836:11404:0307/111809.840:ERROR:fallback_task_provider.cc(124)] Every renderer should have at least one task provided by a primary task provider. If a "Renderer" fallback task is shown, it is a bug. If you have repro steps, please file a new bug and tag it as a dependency of crbug.com/739782.
3월 07, 2022 11:29:41.745 [17836:11404:0307/112941.743:ERROR:wtm_interface_impl.cc(734)] SetTabTreatAsAppId(contents) failed, hr=0x80004005
3월 07, 2022 11:29:56.728 [17836:11404:0307/112956.727:ERROR:wtm_interface_impl.cc(734)] SetTabTreatAsAppId(contents) failed, hr=0x80004005
3월 07, 2022 11:53:38.39 [17836:11404:0307/115338.038:ERROR:fallback_task_provider.cc(124)] Every renderer should have at least one task provided by a primary task provider. If a "Renderer" fallback task is shown, it is a bug. If you have repro steps, please file a new bug and tag it as a dependency of crbug.com/739782.
3월 07, 2022 12:20:13.515 [17836:11404:0307/122013.514:ERROR:wtm_interface_impl.cc(734)] SetTabTreatAsAppId(contents) failed, hr=0x80004005
3월 07, 2022 12:20:18.504 [17836:11404:0307/122018.503:ERROR:wtm_interface_impl.cc(734)] SetTabTreatAsAppId(contents) failed, hr=0x80004005
3월 07, 2022 12:20:23.511 [17836:11404:0307/122023.510:ERROR:wtm_interface_impl.cc(734)] SetTabTreatAsAppId(contents) failed, hr=0x80004005
3월 07, 2022 12:32:08.153 [17676:11768:0307/123208.152:ERROR:assistance_home_client.cc(23)] File path C:\Users\ghktl\AppData\Local\Microsoft\Edge\User Data\Default
3월 07, 2022 12:33:11.70 [17676:11768:0307/123311.069:ERROR:device_event_log_impl.cc(214)] [12:33:11.068] USB: usb_device_handle_win.cc:1049 Failed to read descriptor from node connection: 시스템에 부착된 장치가 작동하지 않습니다. (0x1F)
3월 07, 2022 12:33:11.71 [17676:11768:0307/123311.069:ERROR:device_event_log_impl.cc(214)] [12:33:11.068] USB: usb_device_handle_win.cc:1049 Failed to read descriptor from node connection: 시스템에 부착된 장치가 작동하지 않습니다. (0x1F)
